Mensaje I / 00:00:00:000 / Root(00) para top(01)
Mensaje I / 00:00:00:000 / top(01) para brakes_a(02)
Mensaje D / 00:00:00:000 / brakes_a(02) / ... para top(01)
Mensaje D / 00:00:00:000 / top(01) / ... para Root(00)
Mensaje X / 00:00:10:000 / Root(00) / br_int /     10.00000 para top(01)
Mensaje X / 00:00:10:000 / top(01) / br_int /     10.00000 para brakes_a(02)
Mensaje D / 00:00:10:000 / brakes_a(02) / 00:00:15:000 para top(01)
Mensaje D / 00:00:10:000 / top(01) / 00:00:15:000 para Root(00)
Mensaje * / 00:00:25:000 / Root(00) para top(01)
Mensaje * / 00:00:25:000 / top(01) para brakes_a(02)
Mensaje D / 00:00:25:000 / brakes_a(02) / ... para top(01)
Mensaje D / 00:00:25:000 / top(01) / ... para Root(00)
Mensaje X / 00:00:30:000 / Root(00) / br_int /     10.00000 para top(01)
Mensaje X / 00:00:30:000 / top(01) / br_int /     10.00000 para brakes_a(02)
Mensaje D / 00:00:30:000 / brakes_a(02) / 00:00:15:000 para top(01)
Mensaje D / 00:00:30:000 / top(01) / 00:00:15:000 para Root(00)
Mensaje X / 00:00:40:000 / Root(00) / br_int /     10.00000 para top(01)
Mensaje X / 00:00:40:000 / top(01) / br_int /     10.00000 para brakes_a(02)
Mensaje D / 00:00:40:000 / brakes_a(02) / 00:00:15:000 para top(01)
Mensaje D / 00:00:40:000 / top(01) / 00:00:15:000 para Root(00)
Mensaje * / 00:00:55:000 / Root(00) para top(01)
Mensaje * / 00:00:55:000 / top(01) para brakes_a(02)
Mensaje D / 00:00:55:000 / brakes_a(02) / ... para top(01)
Mensaje D / 00:00:55:000 / top(01) / ... para Root(00)
