Mensaje I / 00:00:00:000 / Root(00) para top(01)
Mensaje I / 00:00:00:000 / top(01) para display_a(02)
Mensaje I / 00:00:00:000 / top(01) para controlunit_c(03)
Mensaje I / 00:00:00:000 / top(01) para movementmodel_c(06)
Mensaje I / 00:00:00:000 / top(01) para steeringmodel_c(10)
Mensaje D / 00:00:00:000 / display_a(02) / ... para top(01)
Mensaje I / 00:00:00:000 / controlunit_c(03) para movementcontroller_a(04)
Mensaje I / 00:00:00:000 / controlunit_c(03) para steeringcontroller_a(05)
Mensaje I / 00:00:00:000 / movementmodel_c(06) para motor_a(07)
Mensaje I / 00:00:00:000 / movementmodel_c(06) para brakes_a(08)
Mensaje I / 00:00:00:000 / movementmodel_c(06) para velocitysensor_a(09)
Mensaje I / 00:00:00:000 / steeringmodel_c(10) para steermechtype_a(11)
Mensaje I / 00:00:00:000 / steeringmodel_c(10) para steeringsensor_a(12)
Mensaje D / 00:00:00:000 / movementcontroller_a(04) / ... para controlunit_c(03)
Mensaje D / 00:00:00:000 / steeringcontroller_a(05) / ... para controlunit_c(03)
Mensaje D / 00:00:00:000 / motor_a(07) / ... para movementmodel_c(06)
Mensaje D / 00:00:00:000 / brakes_a(08) / ... para movementmodel_c(06)
Mensaje D / 00:00:00:000 / velocitysensor_a(09) / ... para movementmodel_c(06)
Mensaje D / 00:00:00:000 / steermechtype_a(11) / ... para steeringmodel_c(10)
Mensaje D / 00:00:00:000 / steeringsensor_a(12) / ... para steeringmodel_c(10)
Mensaje D / 00:00:00:000 / controlunit_c(03) / ... para top(01)
Mensaje D / 00:00:00:000 / movementmodel_c(06) / ... para top(01)
Mensaje D / 00:00:00:000 / steeringmodel_c(10) / ... para top(01)
Mensaje D / 00:00:00:000 / top(01) / ... para Root(00)
Mensaje X / 00:00:10:000 / Root(00) / accel /     85.00000 para top(01)
Mensaje X / 00:00:10:000 / top(01) / accel /     85.00000 para controlunit_c(03)
Mensaje X / 00:00:10:000 / controlunit_c(03) / accel /     85.00000 para movementcontroller_a(04)
Mensaje D / 00:00:10:000 / movementcontroller_a(04) / 00:00:05:000 para controlunit_c(03)
Mensaje D / 00:00:10:000 / controlunit_c(03) / 00:00:05:000 para top(01)
Mensaje D / 00:00:10:000 / top(01) / 00:00:05:000 para Root(00)
Mensaje X / 00:00:10:000 / Root(00) / turn_angle /     10.00000 para top(01)
Mensaje X / 00:00:10:000 / top(01) / turn_angle /     10.00000 para controlunit_c(03)
Mensaje X / 00:00:10:000 / controlunit_c(03) / turn_angle /     10.00000 para steeringcontroller_a(05)
Mensaje D / 00:00:10:000 / steeringcontroller_a(05) / 00:00:05:000 para controlunit_c(03)
Mensaje D / 00:00:10:000 / controlunit_c(03) / 00:00:05:000 para top(01)
Mensaje D / 00:00:10:000 / top(01) / 00:00:05:000 para Root(00)
Mensaje * / 00:00:15:000 / Root(00) para top(01)
Mensaje * / 00:00:15:000 / top(01) para controlunit_c(03)
Mensaje * / 00:00:15:000 / controlunit_c(03) para movementcontroller_a(04)
Mensaje Y / 00:00:15:000 / movementcontroller_a(04) / mot_torq /     10.00000 para controlunit_c(03)
Mensaje Y / 00:00:15:000 / movementcontroller_a(04) / br_int /  -1000.00000 para controlunit_c(03)
Mensaje Y / 00:00:15:000 / movementcontroller_a(04) / disp_info1 /      0.00000 para controlunit_c(03)
Mensaje D / 00:00:15:000 / movementcontroller_a(04) / ... para controlunit_c(03)
Mensaje Y / 00:00:15:000 / controlunit_c(03) / mot_torq /     10.00000 para top(01)
Mensaje Y / 00:00:15:000 / controlunit_c(03) / br_int /  -1000.00000 para top(01)
Mensaje D / 00:00:15:000 / controlunit_c(03) / 00:00:00:000 para top(01)
Mensaje D / 00:00:15:000 / top(01) / 00:00:00:000 para Root(00)
Mensaje * / 00:00:15:000 / Root(00) para top(01)
Mensaje * / 00:00:15:000 / top(01) para controlunit_c(03)
Mensaje * / 00:00:15:000 / controlunit_c(03) para steeringcontroller_a(05)
Mensaje Y / 00:00:15:000 / steeringcontroller_a(05) / delta_angle /     10.00000 para controlunit_c(03)
Mensaje Y / 00:00:15:000 / steeringcontroller_a(05) / disp_info2 /      0.00000 para controlunit_c(03)
Mensaje D / 00:00:15:000 / steeringcontroller_a(05) / ... para controlunit_c(03)
Mensaje Y / 00:00:15:000 / controlunit_c(03) / delta_angle /     10.00000 para top(01)
Mensaje D / 00:00:15:000 / controlunit_c(03) / ... para top(01)
Mensaje D / 00:00:15:000 / top(01) / ... para Root(00)
Mensaje X / 00:00:20:000 / Root(00) / act_wheel_angle /     10.00000 para top(01)
Mensaje X / 00:00:20:000 / top(01) / act_wheel_angle /     10.00000 para steeringmodel_c(10)
Mensaje X / 00:00:20:000 / steeringmodel_c(10) / act_wheel_angle /     10.00000 para steeringsensor_a(12)
Mensaje D / 00:00:20:000 / steeringsensor_a(12) / 00:00:05:000 para steeringmodel_c(10)
Mensaje D / 00:00:20:000 / steeringmodel_c(10) / 00:00:05:000 para top(01)
Mensaje D / 00:00:20:000 / top(01) / 00:00:05:000 para Root(00)
Mensaje X / 00:00:20:000 / Root(00) / act_rpm /     20.00000 para top(01)
Mensaje X / 00:00:20:000 / top(01) / act_rpm /     20.00000 para movementmodel_c(06)
Mensaje X / 00:00:20:000 / movementmodel_c(06) / act_rpm /     20.00000 para velocitysensor_a(09)
Mensaje D / 00:00:20:000 / velocitysensor_a(09) / 00:00:05:000 para movementmodel_c(06)
Mensaje D / 00:00:20:000 / movementmodel_c(06) / 00:00:05:000 para top(01)
Mensaje D / 00:00:20:000 / top(01) / 00:00:05:000 para Root(00)
Mensaje X / 00:00:25:000 / Root(00) / decel /     90.00000 para top(01)
Mensaje X / 00:00:25:000 / top(01) / decel /     90.00000 para controlunit_c(03)
Mensaje X / 00:00:25:000 / controlunit_c(03) / decel /     90.00000 para movementcontroller_a(04)
Mensaje D / 00:00:25:000 / movementcontroller_a(04) / ... para controlunit_c(03)
Mensaje D / 00:00:25:000 / controlunit_c(03) / ... para top(01)
Mensaje D / 00:00:25:000 / top(01) / 00:00:00:000 para Root(00)
Mensaje * / 00:00:25:000 / Root(00) para top(01)
Mensaje * / 00:00:25:000 / top(01) para movementmodel_c(06)
Mensaje * / 00:00:25:000 / movementmodel_c(06) para velocitysensor_a(09)
Mensaje Y / 00:00:25:000 / velocitysensor_a(09) / act_rpm_fb /     20.00000 para movementmodel_c(06)
Mensaje D / 00:00:25:000 / velocitysensor_a(09) / ... para movementmodel_c(06)
Mensaje Y / 00:00:25:000 / movementmodel_c(06) / act_rpm_fb /     20.00000 para top(01)
Mensaje D / 00:00:25:000 / movementmodel_c(06) / ... para top(01)
Mensaje D / 00:00:25:000 / top(01) / 00:00:00:000 para Root(00)
Mensaje * / 00:00:25:000 / Root(00) para top(01)
Mensaje * / 00:00:25:000 / top(01) para steeringmodel_c(10)
Mensaje * / 00:00:25:000 / steeringmodel_c(10) para steeringsensor_a(12)
Mensaje Y / 00:00:25:000 / steeringsensor_a(12) / act_ang_fb /     10.00000 para steeringmodel_c(10)
Mensaje D / 00:00:25:000 / steeringsensor_a(12) / ... para steeringmodel_c(10)
Mensaje Y / 00:00:25:000 / steeringmodel_c(10) / act_ang_fb /     10.00000 para top(01)
Mensaje D / 00:00:25:000 / steeringmodel_c(10) / ... para top(01)
Mensaje D / 00:00:25:000 / top(01) / ... para Root(00)
Mensaje X / 00:00:30:000 / Root(00) / act_rpm /     10.00000 para top(01)
Mensaje X / 00:00:30:000 / top(01) / act_rpm /     10.00000 para movementmodel_c(06)
Mensaje X / 00:00:30:000 / movementmodel_c(06) / act_rpm /     10.00000 para velocitysensor_a(09)
Mensaje D / 00:00:30:000 / velocitysensor_a(09) / 00:00:05:000 para movementmodel_c(06)
Mensaje D / 00:00:30:000 / movementmodel_c(06) / 00:00:05:000 para top(01)
Mensaje D / 00:00:30:000 / top(01) / 00:00:05:000 para Root(00)
Mensaje X / 00:00:30:000 / Root(00) / act_wheel_angle /     20.00000 para top(01)
Mensaje X / 00:00:30:000 / top(01) / act_wheel_angle /     20.00000 para steeringmodel_c(10)
Mensaje X / 00:00:30:000 / steeringmodel_c(10) / act_wheel_angle /     20.00000 para steeringsensor_a(12)
Mensaje D / 00:00:30:000 / steeringsensor_a(12) / 00:00:05:000 para steeringmodel_c(10)
Mensaje D / 00:00:30:000 / steeringmodel_c(10) / 00:00:05:000 para top(01)
Mensaje D / 00:00:30:000 / top(01) / 00:00:05:000 para Root(00)
Mensaje X / 00:00:30:000 / Root(00) / turn_angle /     20.00000 para top(01)
Mensaje X / 00:00:30:000 / top(01) / turn_angle /     20.00000 para controlunit_c(03)
Mensaje X / 00:00:30:000 / controlunit_c(03) / turn_angle /     20.00000 para steeringcontroller_a(05)
Mensaje D / 00:00:30:000 / steeringcontroller_a(05) / 00:00:05:000 para controlunit_c(03)
Mensaje D / 00:00:30:000 / controlunit_c(03) / 00:00:05:000 para top(01)
Mensaje D / 00:00:30:000 / top(01) / 00:00:05:000 para Root(00)
Mensaje X / 00:00:32:000 / Root(00) / act_wheel_angle /    -30.00000 para top(01)
Mensaje X / 00:00:32:000 / top(01) / act_wheel_angle /    -30.00000 para steeringmodel_c(10)
Mensaje X / 00:00:32:000 / steeringmodel_c(10) / act_wheel_angle /    -30.00000 para steeringsensor_a(12)
Mensaje D / 00:00:32:000 / steeringsensor_a(12) / 00:00:05:000 para steeringmodel_c(10)
Mensaje D / 00:00:32:000 / steeringmodel_c(10) / 00:00:05:000 para top(01)
Mensaje D / 00:00:32:000 / top(01) / 00:00:03:000 para Root(00)
Mensaje X / 00:00:33:000 / Root(00) / drive_straight /     90.00000 para top(01)
Mensaje X / 00:00:33:000 / top(01) / drive_straight /     90.00000 para controlunit_c(03)
Mensaje X / 00:00:33:000 / controlunit_c(03) / drive_straight /     90.00000 para steeringcontroller_a(05)
Mensaje D / 00:00:33:000 / steeringcontroller_a(05) / 00:00:05:000 para controlunit_c(03)
Mensaje D / 00:00:33:000 / controlunit_c(03) / 00:00:05:000 para top(01)
Mensaje D / 00:00:33:000 / top(01) / 00:00:02:000 para Root(00)
Mensaje * / 00:00:35:000 / Root(00) para top(01)
Mensaje * / 00:00:35:000 / top(01) para movementmodel_c(06)
Mensaje * / 00:00:35:000 / movementmodel_c(06) para velocitysensor_a(09)
Mensaje Y / 00:00:35:000 / velocitysensor_a(09) / act_rpm_fb /     10.00000 para movementmodel_c(06)
Mensaje D / 00:00:35:000 / velocitysensor_a(09) / ... para movementmodel_c(06)
Mensaje Y / 00:00:35:000 / movementmodel_c(06) / act_rpm_fb /     10.00000 para top(01)
Mensaje D / 00:00:35:000 / movementmodel_c(06) / ... para top(01)
Mensaje D / 00:00:35:000 / top(01) / 00:00:02:000 para Root(00)
Mensaje * / 00:00:37:000 / Root(00) para top(01)
Mensaje * / 00:00:37:000 / top(01) para steeringmodel_c(10)
Mensaje * / 00:00:37:000 / steeringmodel_c(10) para steeringsensor_a(12)
Mensaje Y / 00:00:37:000 / steeringsensor_a(12) / act_ang_fb /    -30.00000 para steeringmodel_c(10)
Mensaje D / 00:00:37:000 / steeringsensor_a(12) / ... para steeringmodel_c(10)
Mensaje Y / 00:00:37:000 / steeringmodel_c(10) / act_ang_fb /    -30.00000 para top(01)
Mensaje D / 00:00:37:000 / steeringmodel_c(10) / ... para top(01)
Mensaje D / 00:00:37:000 / top(01) / 00:00:01:000 para Root(00)
Mensaje * / 00:00:38:000 / Root(00) para top(01)
Mensaje * / 00:00:38:000 / top(01) para controlunit_c(03)
Mensaje * / 00:00:38:000 / controlunit_c(03) para steeringcontroller_a(05)
Mensaje Y / 00:00:38:000 / steeringcontroller_a(05) / delta_angle /      0.00000 para controlunit_c(03)
Mensaje Y / 00:00:38:000 / steeringcontroller_a(05) / disp_info2 /      0.00000 para controlunit_c(03)
Mensaje D / 00:00:38:000 / steeringcontroller_a(05) / ... para controlunit_c(03)
Mensaje Y / 00:00:38:000 / controlunit_c(03) / delta_angle /      0.00000 para top(01)
Mensaje D / 00:00:38:000 / controlunit_c(03) / ... para top(01)
Mensaje D / 00:00:38:000 / top(01) / ... para Root(00)
Mensaje X / 00:00:40:000 / Root(00) / act_rpm /     30.00000 para top(01)
Mensaje X / 00:00:40:000 / top(01) / act_rpm /     30.00000 para movementmodel_c(06)
Mensaje X / 00:00:40:000 / movementmodel_c(06) / act_rpm /     30.00000 para velocitysensor_a(09)
Mensaje D / 00:00:40:000 / velocitysensor_a(09) / 00:00:05:000 para movementmodel_c(06)
Mensaje D / 00:00:40:000 / movementmodel_c(06) / 00:00:05:000 para top(01)
Mensaje D / 00:00:40:000 / top(01) / 00:00:05:000 para Root(00)
Mensaje X / 00:00:40:000 / Root(00) / accel /     85.00000 para top(01)
Mensaje X / 00:00:40:000 / top(01) / accel /     85.00000 para controlunit_c(03)
Mensaje X / 00:00:40:000 / controlunit_c(03) / accel /     85.00000 para movementcontroller_a(04)
Mensaje D / 00:00:40:000 / movementcontroller_a(04) / 00:00:05:000 para controlunit_c(03)
Mensaje D / 00:00:40:000 / controlunit_c(03) / 00:00:05:000 para top(01)
Mensaje D / 00:00:40:000 / top(01) / 00:00:05:000 para Root(00)
Mensaje X / 00:00:42:000 / Root(00) / emerg_brk /     90.00000 para top(01)
Mensaje X / 00:00:42:000 / top(01) / emerg_brk /     90.00000 para controlunit_c(03)
Mensaje X / 00:00:42:000 / controlunit_c(03) / emerg_brk /     90.00000 para movementcontroller_a(04)
Mensaje D / 00:00:42:000 / movementcontroller_a(04) / 00:00:05:000 para controlunit_c(03)
Mensaje D / 00:00:42:000 / controlunit_c(03) / 00:00:05:000 para top(01)
Mensaje D / 00:00:42:000 / top(01) / 00:00:03:000 para Root(00)
Mensaje X / 00:00:43:000 / Root(00) / act_rpm /      0.00000 para top(01)
Mensaje X / 00:00:43:000 / top(01) / act_rpm /      0.00000 para movementmodel_c(06)
Mensaje X / 00:00:43:000 / movementmodel_c(06) / act_rpm /      0.00000 para velocitysensor_a(09)
Mensaje D / 00:00:43:000 / velocitysensor_a(09) / 00:00:05:000 para movementmodel_c(06)
Mensaje D / 00:00:43:000 / movementmodel_c(06) / 00:00:05:000 para top(01)
Mensaje D / 00:00:43:000 / top(01) / 00:00:04:000 para Root(00)
Mensaje * / 00:00:47:000 / Root(00) para top(01)
Mensaje * / 00:00:47:000 / top(01) para controlunit_c(03)
Mensaje * / 00:00:47:000 / controlunit_c(03) para movementcontroller_a(04)
Mensaje Y / 00:00:47:000 / movementcontroller_a(04) / mot_torq /  -1000.00000 para controlunit_c(03)
Mensaje Y / 00:00:47:000 / movementcontroller_a(04) / disp_info1 /    100.00000 para controlunit_c(03)
Mensaje Y / 00:00:47:000 / movementcontroller_a(04) / disp_info1 /      0.00000 para controlunit_c(03)
Mensaje D / 00:00:47:000 / movementcontroller_a(04) / ... para controlunit_c(03)
Mensaje Y / 00:00:47:000 / controlunit_c(03) / mot_torq /  -1000.00000 para top(01)
Mensaje D / 00:00:47:000 / controlunit_c(03) / ... para top(01)
Mensaje D / 00:00:47:000 / top(01) / 00:00:01:000 para Root(00)
Mensaje * / 00:00:48:000 / Root(00) para top(01)
Mensaje * / 00:00:48:000 / top(01) para movementmodel_c(06)
Mensaje * / 00:00:48:000 / movementmodel_c(06) para velocitysensor_a(09)
Mensaje Y / 00:00:48:000 / velocitysensor_a(09) / act_rpm_fb /      0.00000 para movementmodel_c(06)
Mensaje D / 00:00:48:000 / velocitysensor_a(09) / ... para movementmodel_c(06)
Mensaje Y / 00:00:48:000 / movementmodel_c(06) / act_rpm_fb /      0.00000 para top(01)
Mensaje D / 00:00:48:000 / movementmodel_c(06) / ... para top(01)
Mensaje D / 00:00:48:000 / top(01) / ... para Root(00)
