Mensaje I / 00:00:00:000 / Root(00) para top(01)
Mensaje I / 00:00:00:000 / top(01) para display_a(02)
Mensaje D / 00:00:00:000 / display_a(02) / ... para top(01)
Mensaje D / 00:00:00:000 / top(01) / ... para Root(00)
Mensaje X / 00:00:20:000 / Root(00) / display_in1 /     10.00000 para top(01)
Mensaje X / 00:00:20:000 / top(01) / display_in1 /     10.00000 para display_a(02)
Mensaje D / 00:00:20:000 / display_a(02) / 00:00:05:000 para top(01)
Mensaje D / 00:00:20:000 / top(01) / 00:00:05:000 para Root(00)
Mensaje * / 00:00:25:000 / Root(00) para top(01)
Mensaje * / 00:00:25:000 / top(01) para display_a(02)
Mensaje D / 00:00:25:000 / display_a(02) / ... para top(01)
Mensaje D / 00:00:25:000 / top(01) / ... para Root(00)
Mensaje X / 00:00:30:000 / Root(00) / display_in2 /     20.00000 para top(01)
Mensaje X / 00:00:30:000 / top(01) / display_in2 /     20.00000 para display_a(02)
Mensaje D / 00:00:30:000 / display_a(02) / 00:00:05:000 para top(01)
Mensaje D / 00:00:30:000 / top(01) / 00:00:05:000 para Root(00)
Mensaje X / 00:00:32:000 / Root(00) / display_in1 /      0.00000 para top(01)
Mensaje X / 00:00:32:000 / top(01) / display_in1 /      0.00000 para display_a(02)
Mensaje D / 00:00:32:000 / display_a(02) / 00:00:05:000 para top(01)
Mensaje D / 00:00:32:000 / top(01) / 00:00:05:000 para Root(00)
Mensaje * / 00:00:37:000 / Root(00) para top(01)
Mensaje * / 00:00:37:000 / top(01) para display_a(02)
Mensaje D / 00:00:37:000 / display_a(02) / ... para top(01)
Mensaje D / 00:00:37:000 / top(01) / ... para Root(00)
