Mensaje I / 00:00:00:000 / Root(00) para top(01)
Mensaje I / 00:00:00:000 / top(01) para motor_a(02)
Mensaje D / 00:00:00:000 / motor_a(02) / ... para top(01)
Mensaje D / 00:00:00:000 / top(01) / ... para Root(00)
Mensaje X / 00:00:10:000 / Root(00) / mot_torq /     10.00000 para top(01)
Mensaje X / 00:00:10:000 / top(01) / mot_torq /     10.00000 para motor_a(02)
Mensaje D / 00:00:10:000 / motor_a(02) / 00:00:15:000 para top(01)
Mensaje D / 00:00:10:000 / top(01) / 00:00:15:000 para Root(00)
Mensaje * / 00:00:25:000 / Root(00) para top(01)
Mensaje * / 00:00:25:000 / top(01) para motor_a(02)
Mensaje Y / 00:00:25:000 / motor_a(02) / mot_rpm /     10.00000 para top(01)
Mensaje D / 00:00:25:000 / motor_a(02) / ... para top(01)
Mensaje Y / 00:00:25:000 / top(01) / mot_rpm /     10.00000 para Root(00)
Mensaje D / 00:00:25:000 / top(01) / ... para Root(00)
Mensaje X / 00:00:30:000 / Root(00) / mot_torq /     20.00000 para top(01)
Mensaje X / 00:00:30:000 / top(01) / mot_torq /     20.00000 para motor_a(02)
Mensaje D / 00:00:30:000 / motor_a(02) / 00:00:15:000 para top(01)
Mensaje D / 00:00:30:000 / top(01) / 00:00:15:000 para Root(00)
Mensaje * / 00:00:45:000 / Root(00) para top(01)
Mensaje * / 00:00:45:000 / top(01) para motor_a(02)
Mensaje Y / 00:00:45:000 / motor_a(02) / mot_rpm /     30.00000 para top(01)
Mensaje D / 00:00:45:000 / motor_a(02) / ... para top(01)
Mensaje Y / 00:00:45:000 / top(01) / mot_rpm /     30.00000 para Root(00)
Mensaje D / 00:00:45:000 / top(01) / ... para Root(00)
Mensaje X / 00:00:50:000 / Root(00) / mot_torq /     10.00000 para top(01)
Mensaje X / 00:00:50:000 / top(01) / mot_torq /     10.00000 para motor_a(02)
Mensaje D / 00:00:50:000 / motor_a(02) / 00:00:15:000 para top(01)
Mensaje D / 00:00:50:000 / top(01) / 00:00:15:000 para Root(00)
Mensaje X / 00:00:55:000 / Root(00) / mot_torq /     10.00000 para top(01)
Mensaje X / 00:00:55:000 / top(01) / mot_torq /     10.00000 para motor_a(02)
Mensaje D / 00:00:55:000 / motor_a(02) / 00:00:15:000 para top(01)
Mensaje D / 00:00:55:000 / top(01) / 00:00:15:000 para Root(00)
Mensaje X / 00:01:00:000 / Root(00) / mot_torq /    -30.00000 para top(01)
Mensaje X / 00:01:00:000 / top(01) / mot_torq /    -30.00000 para motor_a(02)
Mensaje D / 00:01:00:000 / motor_a(02) / 00:00:15:000 para top(01)
Mensaje D / 00:01:00:000 / top(01) / 00:00:15:000 para Root(00)
Mensaje * / 00:01:15:000 / Root(00) para top(01)
Mensaje * / 00:01:15:000 / top(01) para motor_a(02)
Mensaje Y / 00:01:15:000 / motor_a(02) / mot_rpm /     20.00000 para top(01)
Mensaje D / 00:01:15:000 / motor_a(02) / ... para top(01)
Mensaje Y / 00:01:15:000 / top(01) / mot_rpm /     20.00000 para Root(00)
Mensaje D / 00:01:15:000 / top(01) / ... para Root(00)
Mensaje X / 00:01:20:000 / Root(00) / mot_torq /  -1000.00000 para top(01)
Mensaje X / 00:01:20:000 / top(01) / mot_torq /  -1000.00000 para motor_a(02)
Mensaje D / 00:01:20:000 / motor_a(02) / ... para top(01)
Mensaje D / 00:01:20:000 / top(01) / ... para Root(00)
