Mensaje I / 00:00:00:000 / Root(00) para top(01)
Mensaje I / 00:00:00:000 / top(01) para motor_a(02)
Mensaje I / 00:00:00:000 / top(01) para brakes_a(03)
Mensaje I / 00:00:00:000 / top(01) para velocitysensor_a(04)
Mensaje D / 00:00:00:000 / motor_a(02) / ... para top(01)
Mensaje D / 00:00:00:000 / brakes_a(03) / ... para top(01)
Mensaje D / 00:00:00:000 / velocitysensor_a(04) / ... para top(01)
Mensaje D / 00:00:00:000 / top(01) / ... para Root(00)
Mensaje X / 00:00:10:000 / Root(00) / mot_torq /     10.00000 para top(01)
Mensaje X / 00:00:10:000 / top(01) / mot_torq /     10.00000 para motor_a(02)
Mensaje D / 00:00:10:000 / motor_a(02) / 00:00:15:000 para top(01)
Mensaje D / 00:00:10:000 / top(01) / 00:00:15:000 para Root(00)
Mensaje X / 00:00:10:000 / Root(00) / br_int /     10.00000 para top(01)
Mensaje X / 00:00:10:000 / top(01) / br_int /     10.00000 para brakes_a(03)
Mensaje D / 00:00:10:000 / brakes_a(03) / 00:00:15:000 para top(01)
Mensaje D / 00:00:10:000 / top(01) / 00:00:15:000 para Root(00)
Mensaje X / 00:00:20:000 / Root(00) / act_rpm /     20.00000 para top(01)
Mensaje X / 00:00:20:000 / top(01) / act_rpm /     20.00000 para velocitysensor_a(04)
Mensaje D / 00:00:20:000 / velocitysensor_a(04) / 00:00:05:000 para top(01)
Mensaje D / 00:00:20:000 / top(01) / 00:00:05:000 para Root(00)
Mensaje * / 00:00:25:000 / Root(00) para top(01)
Mensaje * / 00:00:25:000 / top(01) para motor_a(02)
Mensaje Y / 00:00:25:000 / motor_a(02) / mot_rpm /     10.00000 para top(01)
Mensaje D / 00:00:25:000 / motor_a(02) / ... para top(01)
Mensaje Y / 00:00:25:000 / top(01) / mot_rpm /     10.00000 para Root(00)
Mensaje D / 00:00:25:000 / top(01) / 00:00:00:000 para Root(00)
Mensaje * / 00:00:25:000 / Root(00) para top(01)
Mensaje * / 00:00:25:000 / top(01) para brakes_a(03)
Mensaje D / 00:00:25:000 / brakes_a(03) / ... para top(01)
Mensaje D / 00:00:25:000 / top(01) / 00:00:00:000 para Root(00)
Mensaje * / 00:00:25:000 / Root(00) para top(01)
Mensaje * / 00:00:25:000 / top(01) para velocitysensor_a(04)
Mensaje Y / 00:00:25:000 / velocitysensor_a(04) / act_rpm_fb /     20.00000 para top(01)
Mensaje D / 00:00:25:000 / velocitysensor_a(04) / ... para top(01)
Mensaje Y / 00:00:25:000 / top(01) / act_rpm_fb /     20.00000 para Root(00)
Mensaje D / 00:00:25:000 / top(01) / ... para Root(00)
Mensaje X / 00:00:40:000 / Root(00) / br_int /     10.00000 para top(01)
Mensaje X / 00:00:40:000 / top(01) / br_int /     10.00000 para brakes_a(03)
Mensaje D / 00:00:40:000 / brakes_a(03) / 00:00:15:000 para top(01)
Mensaje D / 00:00:40:000 / top(01) / 00:00:15:000 para Root(00)
Mensaje X / 00:00:40:000 / Root(00) / act_rpm /     30.00000 para top(01)
Mensaje X / 00:00:40:000 / top(01) / act_rpm /     30.00000 para velocitysensor_a(04)
Mensaje D / 00:00:40:000 / velocitysensor_a(04) / 00:00:05:000 para top(01)
Mensaje D / 00:00:40:000 / top(01) / 00:00:05:000 para Root(00)
Mensaje X / 00:00:43:000 / Root(00) / act_rpm /      0.00000 para top(01)
Mensaje X / 00:00:43:000 / top(01) / act_rpm /      0.00000 para velocitysensor_a(04)
Mensaje D / 00:00:43:000 / velocitysensor_a(04) / 00:00:05:000 para top(01)
Mensaje D / 00:00:43:000 / top(01) / 00:00:05:000 para Root(00)
Mensaje * / 00:00:48:000 / Root(00) para top(01)
Mensaje * / 00:00:48:000 / top(01) para velocitysensor_a(04)
Mensaje Y / 00:00:48:000 / velocitysensor_a(04) / act_rpm_fb /      0.00000 para top(01)
Mensaje D / 00:00:48:000 / velocitysensor_a(04) / ... para top(01)
Mensaje Y / 00:00:48:000 / top(01) / act_rpm_fb /      0.00000 para Root(00)
Mensaje D / 00:00:48:000 / top(01) / 00:00:07:000 para Root(00)
Mensaje X / 00:00:50:000 / Root(00) / mot_torq /     10.00000 para top(01)
Mensaje X / 00:00:50:000 / top(01) / mot_torq /     10.00000 para motor_a(02)
Mensaje D / 00:00:50:000 / motor_a(02) / 00:00:15:000 para top(01)
Mensaje D / 00:00:50:000 / top(01) / 00:00:05:000 para Root(00)
Mensaje * / 00:00:55:000 / Root(00) para top(01)
Mensaje * / 00:00:55:000 / top(01) para brakes_a(03)
Mensaje D / 00:00:55:000 / brakes_a(03) / ... para top(01)
Mensaje D / 00:00:55:000 / top(01) / 00:00:10:000 para Root(00)
Mensaje X / 00:01:00:000 / Root(00) / mot_torq /    -30.00000 para top(01)
Mensaje X / 00:01:00:000 / top(01) / mot_torq /    -30.00000 para motor_a(02)
Mensaje D / 00:01:00:000 / motor_a(02) / ... para top(01)
Mensaje D / 00:01:00:000 / top(01) / ... para Root(00)
