Mensaje I / 00:00:00:000 / Root(00) para top(01)
Mensaje I / 00:00:00:000 / top(01) para movementcontroller_a(02)
Mensaje D / 00:00:00:000 / movementcontroller_a(02) / ... para top(01)
Mensaje D / 00:00:00:000 / top(01) / ... para Root(00)
Mensaje X / 00:00:10:000 / Root(00) / accel /     85.00000 para top(01)
Mensaje X / 00:00:10:000 / top(01) / accel /     85.00000 para movementcontroller_a(02)
Mensaje D / 00:00:10:000 / movementcontroller_a(02) / 00:00:05:000 para top(01)
Mensaje D / 00:00:10:000 / top(01) / 00:00:05:000 para Root(00)
Mensaje * / 00:00:15:000 / Root(00) para top(01)
Mensaje * / 00:00:15:000 / top(01) para movementcontroller_a(02)
Mensaje Y / 00:00:15:000 / movementcontroller_a(02) / mot_torq /     10.00000 para top(01)
Mensaje Y / 00:00:15:000 / movementcontroller_a(02) / br_int /  -1000.00000 para top(01)
Mensaje Y / 00:00:15:000 / movementcontroller_a(02) / disp_info1 /      0.00000 para top(01)
Mensaje D / 00:00:15:000 / movementcontroller_a(02) / ... para top(01)
Mensaje Y / 00:00:15:000 / top(01) / mot_torq /     10.00000 para Root(00)
Mensaje Y / 00:00:15:000 / top(01) / br_int /  -1000.00000 para Root(00)
Mensaje Y / 00:00:15:000 / top(01) / disp_info1 /      0.00000 para Root(00)
Mensaje D / 00:00:15:000 / top(01) / ... para Root(00)
Mensaje X / 00:00:17:000 / Root(00) / act_rpm_fb /     10.00000 para top(01)
Mensaje X / 00:00:17:000 / top(01) / act_rpm_fb /     10.00000 para movementcontroller_a(02)
Mensaje D / 00:00:17:000 / movementcontroller_a(02) / 00:00:05:000 para top(01)
Mensaje D / 00:00:17:000 / top(01) / 00:00:05:000 para Root(00)
Mensaje * / 00:00:22:000 / Root(00) para top(01)
Mensaje * / 00:00:22:000 / top(01) para movementcontroller_a(02)
Mensaje Y / 00:00:22:000 / movementcontroller_a(02) / disp_info1 /     10.00000 para top(01)
Mensaje D / 00:00:22:000 / movementcontroller_a(02) / ... para top(01)
Mensaje Y / 00:00:22:000 / top(01) / disp_info1 /     10.00000 para Root(00)
Mensaje D / 00:00:22:000 / top(01) / ... para Root(00)
Mensaje X / 00:00:25:000 / Root(00) / decel /     90.00000 para top(01)
Mensaje X / 00:00:25:000 / top(01) / decel /     90.00000 para movementcontroller_a(02)
Mensaje D / 00:00:25:000 / movementcontroller_a(02) / 00:00:05:000 para top(01)
Mensaje D / 00:00:25:000 / top(01) / 00:00:05:000 para Root(00)
Mensaje * / 00:00:30:000 / Root(00) para top(01)
Mensaje * / 00:00:30:000 / top(01) para movementcontroller_a(02)
Mensaje Y / 00:00:30:000 / movementcontroller_a(02) / mot_torq /    -10.00000 para top(01)
Mensaje Y / 00:00:30:000 / movementcontroller_a(02) / br_int /     10.00000 para top(01)
Mensaje Y / 00:00:30:000 / movementcontroller_a(02) / disp_info1 /     10.00000 para top(01)
Mensaje D / 00:00:30:000 / movementcontroller_a(02) / ... para top(01)
Mensaje Y / 00:00:30:000 / top(01) / mot_torq /    -10.00000 para Root(00)
Mensaje Y / 00:00:30:000 / top(01) / br_int /     10.00000 para Root(00)
Mensaje Y / 00:00:30:000 / top(01) / disp_info1 /     10.00000 para Root(00)
Mensaje D / 00:00:30:000 / top(01) / ... para Root(00)
Mensaje X / 00:00:31:000 / Root(00) / act_rpm_fb /      0.00000 para top(01)
Mensaje X / 00:00:31:000 / top(01) / act_rpm_fb /      0.00000 para movementcontroller_a(02)
Mensaje D / 00:00:31:000 / movementcontroller_a(02) / 00:00:05:000 para top(01)
Mensaje D / 00:00:31:000 / top(01) / 00:00:05:000 para Root(00)
Mensaje * / 00:00:36:000 / Root(00) para top(01)
Mensaje * / 00:00:36:000 / top(01) para movementcontroller_a(02)
Mensaje Y / 00:00:36:000 / movementcontroller_a(02) / disp_info1 /      0.00000 para top(01)
Mensaje D / 00:00:36:000 / movementcontroller_a(02) / ... para top(01)
Mensaje Y / 00:00:36:000 / top(01) / disp_info1 /      0.00000 para Root(00)
Mensaje D / 00:00:36:000 / top(01) / ... para Root(00)
Mensaje X / 00:00:40:000 / Root(00) / accel /     85.00000 para top(01)
Mensaje X / 00:00:40:000 / top(01) / accel /     85.00000 para movementcontroller_a(02)
Mensaje D / 00:00:40:000 / movementcontroller_a(02) / 00:00:05:000 para top(01)
Mensaje D / 00:00:40:000 / top(01) / 00:00:05:000 para Root(00)
Mensaje X / 00:00:42:000 / Root(00) / emerg_brk /     90.00000 para top(01)
Mensaje X / 00:00:42:000 / top(01) / emerg_brk /     90.00000 para movementcontroller_a(02)
Mensaje D / 00:00:42:000 / movementcontroller_a(02) / 00:00:05:000 para top(01)
Mensaje D / 00:00:42:000 / top(01) / 00:00:05:000 para Root(00)
Mensaje * / 00:00:47:000 / Root(00) para top(01)
Mensaje * / 00:00:47:000 / top(01) para movementcontroller_a(02)
Mensaje Y / 00:00:47:000 / movementcontroller_a(02) / mot_torq /  -1000.00000 para top(01)
Mensaje Y / 00:00:47:000 / movementcontroller_a(02) / disp_info1 /    100.00000 para top(01)
Mensaje Y / 00:00:47:000 / movementcontroller_a(02) / disp_info1 /      0.00000 para top(01)
Mensaje D / 00:00:47:000 / movementcontroller_a(02) / ... para top(01)
Mensaje Y / 00:00:47:000 / top(01) / mot_torq /  -1000.00000 para Root(00)
Mensaje Y / 00:00:47:000 / top(01) / disp_info1 /    100.00000 para Root(00)
Mensaje Y / 00:00:47:000 / top(01) / disp_info1 /      0.00000 para Root(00)
Mensaje D / 00:00:47:000 / top(01) / ... para Root(00)
