Mensaje I / 00:00:00:000 / Root(00) para top(01)
Mensaje I / 00:00:00:000 / top(01) para steeringcontroller_a(02)
Mensaje D / 00:00:00:000 / steeringcontroller_a(02) / ... para top(01)
Mensaje D / 00:00:00:000 / top(01) / ... para Root(00)
Mensaje X / 00:00:10:000 / Root(00) / turn_angle /     10.00000 para top(01)
Mensaje X / 00:00:10:000 / top(01) / turn_angle /     10.00000 para steeringcontroller_a(02)
Mensaje D / 00:00:10:000 / steeringcontroller_a(02) / 00:00:05:000 para top(01)
Mensaje D / 00:00:10:000 / top(01) / 00:00:05:000 para Root(00)
Mensaje * / 00:00:15:000 / Root(00) para top(01)
Mensaje * / 00:00:15:000 / top(01) para steeringcontroller_a(02)
Mensaje Y / 00:00:15:000 / steeringcontroller_a(02) / delta_angle /     10.00000 para top(01)
Mensaje Y / 00:00:15:000 / steeringcontroller_a(02) / disp_info2 /      0.00000 para top(01)
Mensaje D / 00:00:15:000 / steeringcontroller_a(02) / ... para top(01)
Mensaje Y / 00:00:15:000 / top(01) / delta_angle /     10.00000 para Root(00)
Mensaje Y / 00:00:15:000 / top(01) / disp_info2 /      0.00000 para Root(00)
Mensaje D / 00:00:15:000 / top(01) / ... para Root(00)
Mensaje X / 00:00:17:000 / Root(00) / act_ang_fb /     10.00000 para top(01)
Mensaje X / 00:00:17:000 / top(01) / act_ang_fb /     10.00000 para steeringcontroller_a(02)
Mensaje D / 00:00:17:000 / steeringcontroller_a(02) / 00:00:05:000 para top(01)
Mensaje D / 00:00:17:000 / top(01) / 00:00:05:000 para Root(00)
Mensaje * / 00:00:22:000 / Root(00) para top(01)
Mensaje * / 00:00:22:000 / top(01) para steeringcontroller_a(02)
Mensaje Y / 00:00:22:000 / steeringcontroller_a(02) / disp_info2 /     10.00000 para top(01)
Mensaje D / 00:00:22:000 / steeringcontroller_a(02) / ... para top(01)
Mensaje Y / 00:00:22:000 / top(01) / disp_info2 /     10.00000 para Root(00)
Mensaje D / 00:00:22:000 / top(01) / ... para Root(00)
Mensaje X / 00:00:30:000 / Root(00) / turn_angle /     20.00000 para top(01)
Mensaje X / 00:00:30:000 / top(01) / turn_angle /     20.00000 para steeringcontroller_a(02)
Mensaje D / 00:00:30:000 / steeringcontroller_a(02) / 00:00:05:000 para top(01)
Mensaje D / 00:00:30:000 / top(01) / 00:00:05:000 para Root(00)
Mensaje X / 00:00:33:000 / Root(00) / drive_straight /     90.00000 para top(01)
Mensaje X / 00:00:33:000 / top(01) / drive_straight /     90.00000 para steeringcontroller_a(02)
Mensaje D / 00:00:33:000 / steeringcontroller_a(02) / 00:00:05:000 para top(01)
Mensaje D / 00:00:33:000 / top(01) / 00:00:05:000 para Root(00)
Mensaje * / 00:00:38:000 / Root(00) para top(01)
Mensaje * / 00:00:38:000 / top(01) para steeringcontroller_a(02)
Mensaje Y / 00:00:38:000 / steeringcontroller_a(02) / delta_angle /      0.00000 para top(01)
Mensaje Y / 00:00:38:000 / steeringcontroller_a(02) / disp_info2 /     10.00000 para top(01)
Mensaje D / 00:00:38:000 / steeringcontroller_a(02) / ... para top(01)
Mensaje Y / 00:00:38:000 / top(01) / delta_angle /      0.00000 para Root(00)
Mensaje Y / 00:00:38:000 / top(01) / disp_info2 /     10.00000 para Root(00)
Mensaje D / 00:00:38:000 / top(01) / ... para Root(00)
Mensaje X / 00:00:40:000 / Root(00) / act_ang_fb /      5.00000 para top(01)
Mensaje X / 00:00:40:000 / top(01) / act_ang_fb /      5.00000 para steeringcontroller_a(02)
Mensaje D / 00:00:40:000 / steeringcontroller_a(02) / 00:00:05:000 para top(01)
Mensaje D / 00:00:40:000 / top(01) / 00:00:05:000 para Root(00)
Mensaje * / 00:00:45:000 / Root(00) para top(01)
Mensaje * / 00:00:45:000 / top(01) para steeringcontroller_a(02)
Mensaje Y / 00:00:45:000 / steeringcontroller_a(02) / disp_info2 /      5.00000 para top(01)
Mensaje D / 00:00:45:000 / steeringcontroller_a(02) / ... para top(01)
Mensaje Y / 00:00:45:000 / top(01) / disp_info2 /      5.00000 para Root(00)
Mensaje D / 00:00:45:000 / top(01) / ... para Root(00)
