Mensaje I / 00:00:00:000 / Root(00) para top(01)
Mensaje I / 00:00:00:000 / top(01) para steeringsensor_a(02)
Mensaje D / 00:00:00:000 / steeringsensor_a(02) / ... para top(01)
Mensaje D / 00:00:00:000 / top(01) / ... para Root(00)
Mensaje X / 00:00:20:000 / Root(00) / act_wheel_angle /     10.00000 para top(01)
Mensaje X / 00:00:20:000 / top(01) / act_wheel_angle /     10.00000 para steeringsensor_a(02)
Mensaje D / 00:00:20:000 / steeringsensor_a(02) / 00:00:05:000 para top(01)
Mensaje D / 00:00:20:000 / top(01) / 00:00:05:000 para Root(00)
Mensaje * / 00:00:25:000 / Root(00) para top(01)
Mensaje * / 00:00:25:000 / top(01) para steeringsensor_a(02)
Mensaje Y / 00:00:25:000 / steeringsensor_a(02) / act_ang_fb /     10.00000 para top(01)
Mensaje D / 00:00:25:000 / steeringsensor_a(02) / ... para top(01)
Mensaje Y / 00:00:25:000 / top(01) / act_ang_fb /     10.00000 para Root(00)
Mensaje D / 00:00:25:000 / top(01) / ... para Root(00)
Mensaje X / 00:00:30:000 / Root(00) / act_wheel_angle /     20.00000 para top(01)
Mensaje X / 00:00:30:000 / top(01) / act_wheel_angle /     20.00000 para steeringsensor_a(02)
Mensaje D / 00:00:30:000 / steeringsensor_a(02) / 00:00:05:000 para top(01)
Mensaje D / 00:00:30:000 / top(01) / 00:00:05:000 para Root(00)
Mensaje X / 00:00:32:000 / Root(00) / act_wheel_angle /    -30.00000 para top(01)
Mensaje X / 00:00:32:000 / top(01) / act_wheel_angle /    -30.00000 para steeringsensor_a(02)
Mensaje D / 00:00:32:000 / steeringsensor_a(02) / 00:00:05:000 para top(01)
Mensaje D / 00:00:32:000 / top(01) / 00:00:05:000 para Root(00)
Mensaje * / 00:00:37:000 / Root(00) para top(01)
Mensaje * / 00:00:37:000 / top(01) para steeringsensor_a(02)
Mensaje Y / 00:00:37:000 / steeringsensor_a(02) / act_ang_fb /    -30.00000 para top(01)
Mensaje D / 00:00:37:000 / steeringsensor_a(02) / ... para top(01)
Mensaje Y / 00:00:37:000 / top(01) / act_ang_fb /    -30.00000 para Root(00)
Mensaje D / 00:00:37:000 / top(01) / ... para Root(00)
