Mensaje I / 00:00:00:000 / Root(00) para top(01)
Mensaje I / 00:00:00:000 / top(01) para velocitysensor_a(02)
Mensaje D / 00:00:00:000 / velocitysensor_a(02) / ... para top(01)
Mensaje D / 00:00:00:000 / top(01) / ... para Root(00)
Mensaje X / 00:00:20:000 / Root(00) / act_rpm /     20.00000 para top(01)
Mensaje X / 00:00:20:000 / top(01) / act_rpm /     20.00000 para velocitysensor_a(02)
Mensaje D / 00:00:20:000 / velocitysensor_a(02) / 00:00:05:000 para top(01)
Mensaje D / 00:00:20:000 / top(01) / 00:00:05:000 para Root(00)
Mensaje * / 00:00:25:000 / Root(00) para top(01)
Mensaje * / 00:00:25:000 / top(01) para velocitysensor_a(02)
Mensaje Y / 00:00:25:000 / velocitysensor_a(02) / act_rpm_fb /     20.00000 para top(01)
Mensaje D / 00:00:25:000 / velocitysensor_a(02) / ... para top(01)
Mensaje Y / 00:00:25:000 / top(01) / act_rpm_fb /     20.00000 para Root(00)
Mensaje D / 00:00:25:000 / top(01) / ... para Root(00)
Mensaje X / 00:00:30:000 / Root(00) / act_rpm /     10.00000 para top(01)
Mensaje X / 00:00:30:000 / top(01) / act_rpm /     10.00000 para velocitysensor_a(02)
Mensaje D / 00:00:30:000 / velocitysensor_a(02) / 00:00:05:000 para top(01)
Mensaje D / 00:00:30:000 / top(01) / 00:00:05:000 para Root(00)
Mensaje * / 00:00:35:000 / Root(00) para top(01)
Mensaje * / 00:00:35:000 / top(01) para velocitysensor_a(02)
Mensaje Y / 00:00:35:000 / velocitysensor_a(02) / act_rpm_fb /     10.00000 para top(01)
Mensaje D / 00:00:35:000 / velocitysensor_a(02) / ... para top(01)
Mensaje Y / 00:00:35:000 / top(01) / act_rpm_fb /     10.00000 para Root(00)
Mensaje D / 00:00:35:000 / top(01) / ... para Root(00)
Mensaje X / 00:00:40:000 / Root(00) / act_rpm /     30.00000 para top(01)
Mensaje X / 00:00:40:000 / top(01) / act_rpm /     30.00000 para velocitysensor_a(02)
Mensaje D / 00:00:40:000 / velocitysensor_a(02) / 00:00:05:000 para top(01)
Mensaje D / 00:00:40:000 / top(01) / 00:00:05:000 para Root(00)
Mensaje X / 00:00:43:000 / Root(00) / act_rpm /      0.00000 para top(01)
Mensaje X / 00:00:43:000 / top(01) / act_rpm /      0.00000 para velocitysensor_a(02)
Mensaje D / 00:00:43:000 / velocitysensor_a(02) / 00:00:05:000 para top(01)
Mensaje D / 00:00:43:000 / top(01) / 00:00:05:000 para Root(00)
Mensaje * / 00:00:48:000 / Root(00) para top(01)
Mensaje * / 00:00:48:000 / top(01) para velocitysensor_a(02)
Mensaje Y / 00:00:48:000 / velocitysensor_a(02) / act_rpm_fb /      0.00000 para top(01)
Mensaje D / 00:00:48:000 / velocitysensor_a(02) / ... para top(01)
Mensaje Y / 00:00:48:000 / top(01) / act_rpm_fb /      0.00000 para Root(00)
Mensaje D / 00:00:48:000 / top(01) / ... para Root(00)
